<?xml version="1.0" encoding="UTF-8"?>
<testsuite xmlns:xsi="http://www.w3.org/2001/XMLSchema-instance" xsi:noNamespaceSchemaLocation="https://maven.apache.org/surefire/maven-surefire-plugin/xsd/surefire-test-report.xsd" name="co.com.santander.bizagi.client.CaseBizagiClientTest" time="1.042" tests="2" errors="0" skipped="0" failures="0">
  <properties>
[...]
</properties>
  <testcase name="testCreateCaseBizagi" classname="co.com.santander.bizagi.client.CaseBizagiClientTest" time="1.035"/>
  <testcase name="testCreateCaseObject" classname="co.com.santander.bizagi.client.CaseBizagiClientTest" time="0"/>
</testsuite>